<?xml version="1.0" encoding="UTF-8"?>
<!-- Generated by org.testng.reporters.JUnitReportReporter -->
<testsuite skipped="0" hostname="RGGYSLT-0639" name="restAssuredTesting.TestAPI" tests="1" failures="0" timestamp="2020-05-17T01:33:14 IST" time="3.935" errors="0">
  <testcase name="getResponce" time="3.935" classname="restAssuredTesting.TestAPI"/>
  <system-out/>
</testsuite> <!-- restAssuredTesting.TestAPI -->
